g:\Program Files (x86)\Microsoft Visual Studio\2019\Professional\MSBuild\Microsoft\VC\v160\Microsoft.CppBuild.targets(445,5): warning MSB8004: Output Directory does not end with a trailing slash.  This build instance will add the slash as it is required to allow proper evaluation of the Output Directory.
cl : command line warning D9035: option 'Gm' has been deprecated and will be removed in a future release
  WindowDLG.c
LINK : warning LNK4075: ignoring '/INCREMENTAL' due to '/LTCG' specification
  LINK : /LTCG specified but no code generation required; remove /LTCG from the link command line to improve linker performance
* linker generated manifest res * : warning LNK4078: multiple '.rsrc' sections found with different attributes (40000040)
STemWin540_WIN32.lib(GUICC_0.obj) : warning LNK4099: PDB 'vc110.pdb' was not found with 'STemWin540_WIN32.lib(GUICC_0.obj)' or at 'f:\00Embedded\repositories\STM32Cube_FW_F4_V1.21.0\Projects\WIN32\STemWin_Simulation\Exe\vc110.pdb'; linking object as if no debug info
STemWin540_WIN32.lib(GUICC_888.obj) : warning LNK4099: PDB 'vc110.pdb' was not found with 'STemWin540_WIN32.lib(GUICC_888.obj)' or at 'f:\00Embedded\repositories\STM32Cube_FW_F4_V1.21.0\Projects\WIN32\STemWin_Simulation\Exe\vc110.pdb'; linking object as if no debug info
STemWin540_WIN32.lib(GUICC_8888.obj) : warning LNK4099: PDB 'vc110.pdb' was not found with 'STemWin540_WIN32.lib(GUICC_8888.obj)' or at 'f:\00Embedded\repositories\STM32Cube_FW_F4_V1.21.0\Projects\WIN32\STemWin_Simulation\Exe\vc110.pdb'; linking object as if no debug info
STemWin540_WIN32.lib(GUICC_8888_Index2Color.obj) : warning LNK4099: PDB 'vc110.pdb' was not found with 'STemWin540_WIN32.lib(GUICC_8888_Index2Color.obj)' or at 'f:\00Embedded\repositories\STM32Cube_FW_F4_V1.21.0\Projects\WIN32\STemWin_Simulation\Exe\vc110.pdb'; linking object as if no debug info
STemWin540_WIN32.lib(GUICC_888_Index2Color.obj) : warning LNK4099: PDB 'vc110.pdb' was not found with 'STemWin540_WIN32.lib(GUICC_888_Index2Color.obj)' or at 'f:\00Embedded\repositories\STM32Cube_FW_F4_V1.21.0\Projects\WIN32\STemWin_Simulation\Exe\vc110.pdb'; linking object as if no debug info
STemWin540_WIN32.lib(GUI_2DLib.obj) : warning LNK4099: PDB 'vc110.pdb' was not found with 'STemWin540_WIN32.lib(GUI_2DLib.obj)' or at 'f:\00Embedded\repositories\STM32Cube_FW_F4_V1.21.0\Projects\WIN32\STemWin_Simulation\Exe\vc110.pdb'; linking object as if no debug info
STemWin540_WIN32.lib(GUI_Alloc.obj) : warning LNK4099: PDB 'vc110.pdb' was not found with 'STemWin540_WIN32.lib(GUI_Alloc.obj)' or at 'f:\00Embedded\repositories\STM32Cube_FW_F4_V1.21.0\Projects\WIN32\STemWin_Simulation\Exe\vc110.pdb'; linking object as if no debug info
STemWin540_WIN32.lib(GUI_Arc.obj) : warning LNK4099: PDB 'vc110.pdb' was not found with 'STemWin540_WIN32.lib(GUI_Arc.obj)' or at 'f:\00Embedded\repositories\STM32Cube_FW_F4_V1.21.0\Projects\WIN32\STemWin_Simulation\Exe\vc110.pdb'; linking object as if no debug info
STemWin540_WIN32.lib(GUI_Char.obj) : warning LNK4099: PDB 'vc110.pdb' was not found with 'STemWin540_WIN32.lib(GUI_Char.obj)' or at 'f:\00Embedded\repositories\STM32Cube_FW_F4_V1.21.0\Projects\WIN32\STemWin_Simulation\Exe\vc110.pdb'; linking object as if no debug info
STemWin540_WIN32.lib(GUI_CharLine.obj) : warning LNK4099: PDB 'vc110.pdb' was not found with 'STemWin540_WIN32.lib(GUI_CharLine.obj)' or at 'f:\00Embedded\repositories\STM32Cube_FW_F4_V1.21.0\Projects\WIN32\STemWin_Simulation\Exe\vc110.pdb'; linking object as if no debug info
STemWin540_WIN32.lib(GUI_CharM.obj) : warning LNK4099: PDB 'vc110.pdb' was not found with 'STemWin540_WIN32.lib(GUI_CharM.obj)' or at 'f:\00Embedded\repositories\STM32Cube_FW_F4_V1.21.0\Projects\WIN32\STemWin_Simulation\Exe\vc110.pdb'; linking object as if no debug info
STemWin540_WIN32.lib(GUI_CharP.obj) : warning LNK4099: PDB 'vc110.pdb' was not found with 'STemWin540_WIN32.lib(GUI_CharP.obj)' or at 'f:\00Embedded\repositories\STM32Cube_FW_F4_V1.21.0\Projects\WIN32\STemWin_Simulation\Exe\vc110.pdb'; linking object as if no debug info
STemWin540_WIN32.lib(GUI_Circ.obj) : warning LNK4099: PDB 'vc110.pdb' was not found with 'STemWin540_WIN32.lib(GUI_Circ.obj)' or at 'f:\00Embedded\repositories\STM32Cube_FW_F4_V1.21.0\Projects\WIN32\STemWin_Simulation\Exe\vc110.pdb'; linking object as if no debug info
STemWin540_WIN32.lib(GUI_Common.obj) : warning LNK4099: PDB 'vc110.pdb' was not found with 'STemWin540_WIN32.lib(GUI_Common.obj)' or at 'f:\00Embedded\repositories\STM32Cube_FW_F4_V1.21.0\Projects\WIN32\STemWin_Simulation\Exe\vc110.pdb'; linking object as if no debug info
STemWin540_WIN32.lib(GUI_Core.obj) : warning LNK4099: PDB 'vc110.pdb' was not found with 'STemWin540_WIN32.lib(GUI_Core.obj)' or at 'f:\00Embedded\repositories\STM32Cube_FW_F4_V1.21.0\Projects\WIN32\STemWin_Simulation\Exe\vc110.pdb'; linking object as if no debug info
STemWin540_WIN32.lib(GUI_Cursor.obj) : warning LNK4099: PDB 'vc110.pdb' was not found with 'STemWin540_WIN32.lib(GUI_Cursor.obj)' or at 'f:\00Embedded\repositories\STM32Cube_FW_F4_V1.21.0\Projects\WIN32\STemWin_Simulation\Exe\vc110.pdb'; linking object as if no debug info
STemWin540_WIN32.lib(GUI_CursorResource.obj) : warning LNK4099: PDB 'vc110.pdb' was not found with 'STemWin540_WIN32.lib(GUI_CursorResource.obj)' or at 'f:\00Embedded\repositories\STM32Cube_FW_F4_V1.21.0\Projects\WIN32\STemWin_Simulation\Exe\vc110.pdb'; linking object as if no debug info
STemWin540_WIN32.lib(GUI_Device.obj) : warning LNK4099: PDB 'vc110.pdb' was not found with 'STemWin540_WIN32.lib(GUI_Device.obj)' or at 'f:\00Embedded\repositories\STM32Cube_FW_F4_V1.21.0\Projects\WIN32\STemWin_Simulation\Exe\vc110.pdb'; linking object as if no debug info
STemWin540_WIN32.lib(GUI_DispChar.obj) : warning LNK4099: PDB 'vc110.pdb' was not found with 'STemWin540_WIN32.lib(GUI_DispChar.obj)' or at 'f:\00Embedded\repositories\STM32Cube_FW_F4_V1.21.0\Projects\WIN32\STemWin_Simulation\Exe\vc110.pdb'; linking object as if no debug info
STemWin540_WIN32.lib(GUI_DispString.obj) : warning LNK4099: PDB 'vc110.pdb' was not found with 'STemWin540_WIN32.lib(GUI_DispString.obj)' or at 'f:\00Embedded\repositories\STM32Cube_FW_F4_V1.21.0\Projects\WIN32\STemWin_Simulation\Exe\vc110.pdb'; linking object as if no debug info
STemWin540_WIN32.lib(GUI_DrawBitmap.obj) : warning LNK4099: PDB 'vc110.pdb' was not found with 'STemWin540_WIN32.lib(GUI_DrawBitmap.obj)' or at 'f:\00Embedded\repositories\STM32Cube_FW_F4_V1.21.0\Projects\WIN32\STemWin_Simulation\Exe\vc110.pdb'; linking object as if no debug info
STemWin540_WIN32.lib(GUI_DrawGradient.obj) : warning LNK4099: PDB 'vc110.pdb' was not found with 'STemWin540_WIN32.lib(GUI_DrawGradient.obj)' or at 'f:\00Embedded\repositories\STM32Cube_FW_F4_V1.21.0\Projects\WIN32\STemWin_Simulation\Exe\vc110.pdb'; linking object as if no debug info
STemWin540_WIN32.lib(GUI_DrawLib.obj) : warning LNK4099: PDB 'vc110.pdb' was not found with 'STemWin540_WIN32.lib(GUI_DrawLib.obj)' or at 'f:\00Embedded\repositories\STM32Cube_FW_F4_V1.21.0\Projects\WIN32\STemWin_Simulation\Exe\vc110.pdb'; linking object as if no debug info
STemWin540_WIN32.lib(GUI_DrawLine.obj) : warning LNK4099: PDB 'vc110.pdb' was not found with 'STemWin540_WIN32.lib(GUI_DrawLine.obj)' or at 'f:\00Embedded\repositories\STM32Cube_FW_F4_V1.21.0\Projects\WIN32\STemWin_Simulation\Exe\vc110.pdb'; linking object as if no debug info
STemWin540_WIN32.lib(GUI_ErrorOut.obj) : warning LNK4099: PDB 'vc110.pdb' was not found with 'STemWin540_WIN32.lib(GUI_ErrorOut.obj)' or at 'f:\00Embedded\repositories\STM32Cube_FW_F4_V1.21.0\Projects\WIN32\STemWin_Simulation\Exe\vc110.pdb'; linking object as if no debug info
STemWin540_WIN32.lib(GUI_FillPolygon.obj) : warning LNK4099: PDB 'vc110.pdb' was not found with 'STemWin540_WIN32.lib(GUI_FillPolygon.obj)' or at 'f:\00Embedded\repositories\STM32Cube_FW_F4_V1.21.0\Projects\WIN32\STemWin_Simulation\Exe\vc110.pdb'; linking object as if no debug info
STemWin540_WIN32.lib(GUI_MOUSE.obj) : warning LNK4099: PDB 'vc110.pdb' was not found with 'STemWin540_WIN32.lib(GUI_MOUSE.obj)' or at 'f:\00Embedded\repositories\STM32Cube_FW_F4_V1.21.0\Projects\WIN32\STemWin_Simulation\Exe\vc110.pdb'; linking object as if no debug info
STemWin540_WIN32.lib(GUI_MULTIBUF.obj) : warning LNK4099: PDB 'vc110.pdb' was not found with 'STemWin540_WIN32.lib(GUI_MULTIBUF.obj)' or at 'f:\00Embedded\repositories\STM32Cube_FW_F4_V1.21.0\Projects\WIN32\STemWin_Simulation\Exe\vc110.pdb'; linking object as if no debug info
STemWin540_WIN32.lib(GUI_OnKey.obj) : warning LNK4099: PDB 'vc110.pdb' was not found with 'STemWin540_WIN32.lib(GUI_OnKey.obj)' or at 'f:\00Embedded\repositories\STM32Cube_FW_F4_V1.21.0\Projects\WIN32\STemWin_Simulation\Exe\vc110.pdb'; linking object as if no debug info
STemWin540_WIN32.lib(GUI_PID.obj) : warning LNK4099: PDB 'vc110.pdb' was not found with 'STemWin540_WIN32.lib(GUI_PID.obj)' or at 'f:\00Embedded\repositories\STM32Cube_FW_F4_V1.21.0\Projects\WIN32\STemWin_Simulation\Exe\vc110.pdb'; linking object as if no debug info
STemWin540_WIN32.lib(GUI_SelectLayer.obj) : warning LNK4099: PDB 'vc110.pdb' was not found with 'STemWin540_WIN32.lib(GUI_SelectLayer.obj)' or at 'f:\00Embedded\repositories\STM32Cube_FW_F4_V1.21.0\Projects\WIN32\STemWin_Simulation\Exe\vc110.pdb'; linking object as if no debug info
STemWin540_WIN32.lib(GUI_SetAlpha.obj) : warning LNK4099: PDB 'vc110.pdb' was not found with 'STemWin540_WIN32.lib(GUI_SetAlpha.obj)' or at 'f:\00Embedded\repositories\STM32Cube_FW_F4_V1.21.0\Projects\WIN32\STemWin_Simulation\Exe\vc110.pdb'; linking object as if no debug info
STemWin540_WIN32.lib(GUI_SPRITE.obj) : warning LNK4099: PDB 'vc110.pdb' was not found with 'STemWin540_WIN32.lib(GUI_SPRITE.obj)' or at 'f:\00Embedded\repositories\STM32Cube_FW_F4_V1.21.0\Projects\WIN32\STemWin_Simulation\Exe\vc110.pdb'; linking object as if no debug info
STemWin540_WIN32.lib(GUI_SPRITE_Anim.obj) : warning LNK4099: PDB 'vc110.pdb' was not found with 'STemWin540_WIN32.lib(GUI_SPRITE_Anim.obj)' or at 'f:\00Embedded\repositories\STM32Cube_FW_F4_V1.21.0\Projects\WIN32\STemWin_Simulation\Exe\vc110.pdb'; linking object as if no debug info
STemWin540_WIN32.lib(GUI_Task.obj) : warning LNK4099: PDB 'vc110.pdb' was not found with 'STemWin540_WIN32.lib(GUI_Task.obj)' or at 'f:\00Embedded\repositories\STM32Cube_FW_F4_V1.21.0\Projects\WIN32\STemWin_Simulation\Exe\vc110.pdb'; linking object as if no debug info
STemWin540_WIN32.lib(GUI_Time.obj) : warning LNK4099: PDB 'vc110.pdb' was not found with 'STemWin540_WIN32.lib(GUI_Time.obj)' or at 'f:\00Embedded\repositories\STM32Cube_FW_F4_V1.21.0\Projects\WIN32\STemWin_Simulation\Exe\vc110.pdb'; linking object as if no debug info
STemWin540_WIN32.lib(GUI_Timer.obj) : warning LNK4099: PDB 'vc110.pdb' was not found with 'STemWin540_WIN32.lib(GUI_Timer.obj)' or at 'f:\00Embedded\repositories\STM32Cube_FW_F4_V1.21.0\Projects\WIN32\STemWin_Simulation\Exe\vc110.pdb'; linking object as if no debug info
STemWin540_WIN32.lib(GUI_TOUCH.obj) : warning LNK4099: PDB 'vc110.pdb' was not found with 'STemWin540_WIN32.lib(GUI_TOUCH.obj)' or at 'f:\00Embedded\repositories\STM32Cube_FW_F4_V1.21.0\Projects\WIN32\STemWin_Simulation\Exe\vc110.pdb'; linking object as if no debug info
STemWin540_WIN32.lib(GUI_UC.obj) : warning LNK4099: PDB 'vc110.pdb' was not found with 'STemWin540_WIN32.lib(GUI_UC.obj)' or at 'f:\00Embedded\repositories\STM32Cube_FW_F4_V1.21.0\Projects\WIN32\STemWin_Simulation\Exe\vc110.pdb'; linking object as if no debug info
STemWin540_WIN32.lib(GUI_UC_EncodeNone.obj) : warning LNK4099: PDB 'vc110.pdb' was not found with 'STemWin540_WIN32.lib(GUI_UC_EncodeNone.obj)' or at 'f:\00Embedded\repositories\STM32Cube_FW_F4_V1.21.0\Projects\WIN32\STemWin_Simulation\Exe\vc110.pdb'; linking object as if no debug info
STemWin540_WIN32.lib(GUI_WaitEvent.obj) : warning LNK4099: PDB 'vc110.pdb' was not found with 'STemWin540_WIN32.lib(GUI_WaitEvent.obj)' or at 'f:\00Embedded\repositories\STM32Cube_FW_F4_V1.21.0\Projects\WIN32\STemWin_Simulation\Exe\vc110.pdb'; linking object as if no debug info
STemWin540_WIN32.lib(GUI_Warn.obj) : warning LNK4099: PDB 'vc110.pdb' was not found with 'STemWin540_WIN32.lib(GUI_Warn.obj)' or at 'f:\00Embedded\repositories\STM32Cube_FW_F4_V1.21.0\Projects\WIN32\STemWin_Simulation\Exe\vc110.pdb'; linking object as if no debug info
STemWin540_WIN32.lib(GUI__Alpha.obj) : warning LNK4099: PDB 'vc110.pdb' was not found with 'STemWin540_WIN32.lib(GUI__Alpha.obj)' or at 'f:\00Embedded\repositories\STM32Cube_FW_F4_V1.21.0\Projects\WIN32\STemWin_Simulation\Exe\vc110.pdb'; linking object as if no debug info
STemWin540_WIN32.lib(GUI__CompactPixelIndices.obj) : warning LNK4099: PDB 'vc110.pdb' was not found with 'STemWin540_WIN32.lib(GUI__CompactPixelIndices.obj)' or at 'f:\00Embedded\repositories\STM32Cube_FW_F4_V1.21.0\Projects\WIN32\STemWin_Simulation\Exe\vc110.pdb'; linking object as if no debug info
STemWin540_WIN32.lib(GUI__DrawTwinArc.obj) : warning LNK4099: PDB 'vc110.pdb' was not found with 'STemWin540_WIN32.lib(GUI__DrawTwinArc.obj)' or at 'f:\00Embedded\repositories\STM32Cube_FW_F4_V1.21.0\Projects\WIN32\STemWin_Simulation\Exe\vc110.pdb'; linking object as if no debug info
STemWin540_WIN32.lib(GUI__ExpandPixelIndices.obj) : warning LNK4099: PDB 'vc110.pdb' was not found with 'STemWin540_WIN32.lib(GUI__ExpandPixelIndices.obj)' or at 'f:\00Embedded\repositories\STM32Cube_FW_F4_V1.21.0\Projects\WIN32\STemWin_Simulation\Exe\vc110.pdb'; linking object as if no debug info
STemWin540_WIN32.lib(GUI__ManageCache.obj) : warning LNK4099: PDB 'vc110.pdb' was not found with 'STemWin540_WIN32.lib(GUI__ManageCache.obj)' or at 'f:\00Embedded\repositories\STM32Cube_FW_F4_V1.21.0\Projects\WIN32\STemWin_Simulation\Exe\vc110.pdb'; linking object as if no debug info
STemWin540_WIN32.lib(GUI__Private.obj) : warning LNK4099: PDB 'vc110.pdb' was not found with 'STemWin540_WIN32.lib(GUI__Private.obj)' or at 'f:\00Embedded\repositories\STM32Cube_FW_F4_V1.21.0\Projects\WIN32\STemWin_Simulation\Exe\vc110.pdb'; linking object as if no debug info
STemWin540_WIN32.lib(GUI__SinHQ.obj) : warning LNK4099: PDB 'vc110.pdb' was not found with 'STemWin540_WIN32.lib(GUI__SinHQ.obj)' or at 'f:\00Embedded\repositories\STM32Cube_FW_F4_V1.21.0\Projects\WIN32\STemWin_Simulation\Exe\vc110.pdb'; linking object as if no debug info
STemWin540_WIN32.lib(GUI__Wrap.obj) : warning LNK4099: PDB 'vc110.pdb' was not found with 'STemWin540_WIN32.lib(GUI__Wrap.obj)' or at 'f:\00Embedded\repositories\STM32Cube_FW_F4_V1.21.0\Projects\WIN32\STemWin_Simulation\Exe\vc110.pdb'; linking object as if no debug info
STemWin540_WIN32.lib(LCD.obj) : warning LNK4099: PDB 'vc110.pdb' was not found with 'STemWin540_WIN32.lib(LCD.obj)' or at 'f:\00Embedded\repositories\STM32Cube_FW_F4_V1.21.0\Projects\WIN32\STemWin_Simulation\Exe\vc110.pdb'; linking object as if no debug info
STemWin540_WIN32.lib(LCD_AA.obj) : warning LNK4099: PDB 'vc110.pdb' was not found with 'STemWin540_WIN32.lib(LCD_AA.obj)' or at 'f:\00Embedded\repositories\STM32Cube_FW_F4_V1.21.0\Projects\WIN32\STemWin_Simulation\Exe\vc110.pdb'; linking object as if no debug info
STemWin540_WIN32.lib(LCD_Color.obj) : warning LNK4099: PDB 'vc110.pdb' was not found with 'STemWin540_WIN32.lib(LCD_Color.obj)' or at 'f:\00Embedded\repositories\STM32Cube_FW_F4_V1.21.0\Projects\WIN32\STemWin_Simulation\Exe\vc110.pdb'; linking object as if no debug info
STemWin540_WIN32.lib(LCD_GetColorIndex.obj) : warning LNK4099: PDB 'vc110.pdb' was not found with 'STemWin540_WIN32.lib(LCD_GetColorIndex.obj)' or at 'f:\00Embedded\repositories\STM32Cube_FW_F4_V1.21.0\Projects\WIN32\STemWin_Simulation\Exe\vc110.pdb'; linking object as if no debug info
STemWin540_WIN32.lib(LCD_GetEx.obj) : warning LNK4099: PDB 'vc110.pdb' was not found with 'STemWin540_WIN32.lib(LCD_GetEx.obj)' or at 'f:\00Embedded\repositories\STM32Cube_FW_F4_V1.21.0\Projects\WIN32\STemWin_Simulation\Exe\vc110.pdb'; linking object as if no debug info
STemWin540_WIN32.lib(LCD_GetNumDisplays.obj) : warning LNK4099: PDB 'vc110.pdb' was not found with 'STemWin540_WIN32.lib(LCD_GetNumDisplays.obj)' or at 'f:\00Embedded\repositories\STM32Cube_FW_F4_V1.21.0\Projects\WIN32\STemWin_Simulation\Exe\vc110.pdb'; linking object as if no debug info
STemWin540_WIN32.lib(LCD_GetP.obj) : warning LNK4099: PDB 'vc110.pdb' was not found with 'STemWin540_WIN32.lib(LCD_GetP.obj)' or at 'f:\00Embedded\repositories\STM32Cube_FW_F4_V1.21.0\Projects\WIN32\STemWin_Simulation\Exe\vc110.pdb'; linking object as if no debug info
STemWin540_WIN32.lib(LCD_GetPixelColor.obj) : warning LNK4099: PDB 'vc110.pdb' was not found with 'STemWin540_WIN32.lib(LCD_GetPixelColor.obj)' or at 'f:\00Embedded\repositories\STM32Cube_FW_F4_V1.21.0\Projects\WIN32\STemWin_Simulation\Exe\vc110.pdb'; linking object as if no debug info
STemWin540_WIN32.lib(LCD_Index2ColorEx.obj) : warning LNK4099: PDB 'vc110.pdb' was not found with 'STemWin540_WIN32.lib(LCD_Index2ColorEx.obj)' or at 'f:\00Embedded\repositories\STM32Cube_FW_F4_V1.21.0\Projects\WIN32\STemWin_Simulation\Exe\vc110.pdb'; linking object as if no debug info
STemWin540_WIN32.lib(LCD_Info.obj) : warning LNK4099: PDB 'vc110.pdb' was not found with 'STemWin540_WIN32.lib(LCD_Info.obj)' or at 'f:\00Embedded\repositories\STM32Cube_FW_F4_V1.21.0\Projects\WIN32\STemWin_Simulation\Exe\vc110.pdb'; linking object as if no debug info
STemWin540_WIN32.lib(LCD_Mirror.obj) : warning LNK4099: PDB 'vc110.pdb' was not found with 'STemWin540_WIN32.lib(LCD_Mirror.obj)' or at 'f:\00Embedded\repositories\STM32Cube_FW_F4_V1.21.0\Projects\WIN32\STemWin_Simulation\Exe\vc110.pdb'; linking object as if no debug info
STemWin540_WIN32.lib(LCD_ReadRect.obj) : warning LNK4099: PDB 'vc110.pdb' was not found with 'STemWin540_WIN32.lib(LCD_ReadRect.obj)' or at 'f:\00Embedded\repositories\STM32Cube_FW_F4_V1.21.0\Projects\WIN32\STemWin_Simulation\Exe\vc110.pdb'; linking object as if no debug info
STemWin540_WIN32.lib(LCD_SelectLCD.obj) : warning LNK4099: PDB 'vc110.pdb' was not found with 'STemWin540_WIN32.lib(LCD_SelectLCD.obj)' or at 'f:\00Embedded\repositories\STM32Cube_FW_F4_V1.21.0\Projects\WIN32\STemWin_Simulation\Exe\vc110.pdb'; linking object as if no debug info
STemWin540_WIN32.lib(LCD_Set.obj) : warning LNK4099: PDB 'vc110.pdb' was not found with 'STemWin540_WIN32.lib(LCD_Set.obj)' or at 'f:\00Embedded\repositories\STM32Cube_FW_F4_V1.21.0\Projects\WIN32\STemWin_Simulation\Exe\vc110.pdb'; linking object as if no debug info
STemWin540_WIN32.lib(LCD_SetClipRectEx.obj) : warning LNK4099: PDB 'vc110.pdb' was not found with 'STemWin540_WIN32.lib(LCD_SetClipRectEx.obj)' or at 'f:\00Embedded\repositories\STM32Cube_FW_F4_V1.21.0\Projects\WIN32\STemWin_Simulation\Exe\vc110.pdb'; linking object as if no debug info
STemWin540_WIN32.lib(LCD_UpdateColorIndices.obj) : warning LNK4099: PDB 'vc110.pdb' was not found with 'STemWin540_WIN32.lib(LCD_UpdateColorIndices.obj)' or at 'f:\00Embedded\repositories\STM32Cube_FW_F4_V1.21.0\Projects\WIN32\STemWin_Simulation\Exe\vc110.pdb'; linking object as if no debug info
STemWin540_WIN32.lib(GUIDRV_Win32.obj) : warning LNK4099: PDB 'vc110.pdb' was not found with 'STemWin540_WIN32.lib(GUIDRV_Win32.obj)' or at 'f:\00Embedded\repositories\STM32Cube_FW_F4_V1.21.0\Projects\WIN32\STemWin_Simulation\Exe\vc110.pdb'; linking object as if no debug info
STemWin540_WIN32.lib(F13_1.obj) : warning LNK4099: PDB 'vc110.pdb' was not found with 'STemWin540_WIN32.lib(F13_1.obj)' or at 'f:\00Embedded\repositories\STM32Cube_FW_F4_V1.21.0\Projects\WIN32\STemWin_Simulation\Exe\vc110.pdb'; linking object as if no debug info
STemWin540_WIN32.lib(F13_ASCII.obj) : warning LNK4099: PDB 'vc110.pdb' was not found with 'STemWin540_WIN32.lib(F13_ASCII.obj)' or at 'f:\00Embedded\repositories\STM32Cube_FW_F4_V1.21.0\Projects\WIN32\STemWin_Simulation\Exe\vc110.pdb'; linking object as if no debug info
STemWin540_WIN32.lib(F6x8.obj) : warning LNK4099: PDB 'vc110.pdb' was not found with 'STemWin540_WIN32.lib(F6x8.obj)' or at 'f:\00Embedded\repositories\STM32Cube_FW_F4_V1.21.0\Projects\WIN32\STemWin_Simulation\Exe\vc110.pdb'; linking object as if no debug info
STemWin540_WIN32.lib(GUIDEV.obj) : warning LNK4099: PDB 'vc110.pdb' was not found with 'STemWin540_WIN32.lib(GUIDEV.obj)' or at 'f:\00Embedded\repositories\STM32Cube_FW_F4_V1.21.0\Projects\WIN32\STemWin_Simulation\Exe\vc110.pdb'; linking object as if no debug info
STemWin540_WIN32.lib(GUIDEV_1.obj) : warning LNK4099: PDB 'vc110.pdb' was not found with 'STemWin540_WIN32.lib(GUIDEV_1.obj)' or at 'f:\00Embedded\repositories\STM32Cube_FW_F4_V1.21.0\Projects\WIN32\STemWin_Simulation\Exe\vc110.pdb'; linking object as if no debug info
STemWin540_WIN32.lib(GUIDEV_16.obj) : warning LNK4099: PDB 'vc110.pdb' was not found with 'STemWin540_WIN32.lib(GUIDEV_16.obj)' or at 'f:\00Embedded\repositories\STM32Cube_FW_F4_V1.21.0\Projects\WIN32\STemWin_Simulation\Exe\vc110.pdb'; linking object as if no debug info
STemWin540_WIN32.lib(GUIDEV_32.obj) : warning LNK4099: PDB 'vc110.pdb' was not found with 'STemWin540_WIN32.lib(GUIDEV_32.obj)' or at 'f:\00Embedded\repositories\STM32Cube_FW_F4_V1.21.0\Projects\WIN32\STemWin_Simulation\Exe\vc110.pdb'; linking object as if no debug info
STemWin540_WIN32.lib(GUIDEV_8.obj) : warning LNK4099: PDB 'vc110.pdb' was not found with 'STemWin540_WIN32.lib(GUIDEV_8.obj)' or at 'f:\00Embedded\repositories\STM32Cube_FW_F4_V1.21.0\Projects\WIN32\STemWin_Simulation\Exe\vc110.pdb'; linking object as if no debug info
STemWin540_WIN32.lib(GUIDEV_Banding.obj) : warning LNK4099: PDB 'vc110.pdb' was not found with 'STemWin540_WIN32.lib(GUIDEV_Banding.obj)' or at 'f:\00Embedded\repositories\STM32Cube_FW_F4_V1.21.0\Projects\WIN32\STemWin_Simulation\Exe\vc110.pdb'; linking object as if no debug info
STemWin540_WIN32.lib(GUIDEV_Clear.obj) : warning LNK4099: PDB 'vc110.pdb' was not found with 'STemWin540_WIN32.lib(GUIDEV_Clear.obj)' or at 'f:\00Embedded\repositories\STM32Cube_FW_F4_V1.21.0\Projects\WIN32\STemWin_Simulation\Exe\vc110.pdb'; linking object as if no debug info
STemWin540_WIN32.lib(GUIDEV_CreateFixed.obj) : warning LNK4099: PDB 'vc110.pdb' was not found with 'STemWin540_WIN32.lib(GUIDEV_CreateFixed.obj)' or at 'f:\00Embedded\repositories\STM32Cube_FW_F4_V1.21.0\Projects\WIN32\STemWin_Simulation\Exe\vc110.pdb'; linking object as if no debug info
STemWin540_WIN32.lib(GUIDEV_GetDataPtr.obj) : warning LNK4099: PDB 'vc110.pdb' was not found with 'STemWin540_WIN32.lib(GUIDEV_GetDataPtr.obj)' or at 'f:\00Embedded\repositories\STM32Cube_FW_F4_V1.21.0\Projects\WIN32\STemWin_Simulation\Exe\vc110.pdb'; linking object as if no debug info
STemWin540_WIN32.lib(GUIDEV_GetPos.obj) : warning LNK4099: PDB 'vc110.pdb' was not found with 'STemWin540_WIN32.lib(GUIDEV_GetPos.obj)' or at 'f:\00Embedded\repositories\STM32Cube_FW_F4_V1.21.0\Projects\WIN32\STemWin_Simulation\Exe\vc110.pdb'; linking object as if no debug info
STemWin540_WIN32.lib(GUIDEV_GetXSize.obj) : warning LNK4099: PDB 'vc110.pdb' was not found with 'STemWin540_WIN32.lib(GUIDEV_GetXSize.obj)' or at 'f:\00Embedded\repositories\STM32Cube_FW_F4_V1.21.0\Projects\WIN32\STemWin_Simulation\Exe\vc110.pdb'; linking object as if no debug info
STemWin540_WIN32.lib(GUIDEV_GetYSize.obj) : warning LNK4099: PDB 'vc110.pdb' was not found with 'STemWin540_WIN32.lib(GUIDEV_GetYSize.obj)' or at 'f:\00Embedded\repositories\STM32Cube_FW_F4_V1.21.0\Projects\WIN32\STemWin_Simulation\Exe\vc110.pdb'; linking object as if no debug info
STemWin540_WIN32.lib(GUIDEV_ReduceYSize.obj) : warning LNK4099: PDB 'vc110.pdb' was not found with 'STemWin540_WIN32.lib(GUIDEV_ReduceYSize.obj)' or at 'f:\00Embedded\repositories\STM32Cube_FW_F4_V1.21.0\Projects\WIN32\STemWin_Simulation\Exe\vc110.pdb'; linking object as if no debug info
STemWin540_WIN32.lib(GUIDEV_SetOrg.obj) : warning LNK4099: PDB 'vc110.pdb' was not found with 'STemWin540_WIN32.lib(GUIDEV_SetOrg.obj)' or at 'f:\00Embedded\repositories\STM32Cube_FW_F4_V1.21.0\Projects\WIN32\STemWin_Simulation\Exe\vc110.pdb'; linking object as if no debug info
STemWin540_WIN32.lib(GUIDEV_StaticDevices.obj) : warning LNK4099: PDB 'vc110.pdb' was not found with 'STemWin540_WIN32.lib(GUIDEV_StaticDevices.obj)' or at 'f:\00Embedded\repositories\STM32Cube_FW_F4_V1.21.0\Projects\WIN32\STemWin_Simulation\Exe\vc110.pdb'; linking object as if no debug info
STemWin540_WIN32.lib(GUIDEV_Usage.obj) : warning LNK4099: PDB 'vc110.pdb' was not found with 'STemWin540_WIN32.lib(GUIDEV_Usage.obj)' or at 'f:\00Embedded\repositories\STM32Cube_FW_F4_V1.21.0\Projects\WIN32\STemWin_Simulation\Exe\vc110.pdb'; linking object as if no debug info
STemWin540_WIN32.lib(GUIDEV_UsageBM.obj) : warning LNK4099: PDB 'vc110.pdb' was not found with 'STemWin540_WIN32.lib(GUIDEV_UsageBM.obj)' or at 'f:\00Embedded\repositories\STM32Cube_FW_F4_V1.21.0\Projects\WIN32\STemWin_Simulation\Exe\vc110.pdb'; linking object as if no debug info
STemWin540_WIN32.lib(GUIDEV_Write.obj) : warning LNK4099: PDB 'vc110.pdb' was not found with 'STemWin540_WIN32.lib(GUIDEV_Write.obj)' or at 'f:\00Embedded\repositories\STM32Cube_FW_F4_V1.21.0\Projects\WIN32\STemWin_Simulation\Exe\vc110.pdb'; linking object as if no debug info
STemWin540_WIN32.lib(GUIDEV_WriteToActiveAlpha.obj) : warning LNK4099: PDB 'vc110.pdb' was not found with 'STemWin540_WIN32.lib(GUIDEV_WriteToActiveAlpha.obj)' or at 'f:\00Embedded\repositories\STM32Cube_FW_F4_V1.21.0\Projects\WIN32\STemWin_Simulation\Exe\vc110.pdb'; linking object as if no debug info
STemWin540_WIN32.lib(GUIDEV_WriteToActiveOpaque.obj) : warning LNK4099: PDB 'vc110.pdb' was not found with 'STemWin540_WIN32.lib(GUIDEV_WriteToActiveOpaque.obj)' or at 'f:\00Embedded\repositories\STM32Cube_FW_F4_V1.21.0\Projects\WIN32\STemWin_Simulation\Exe\vc110.pdb'; linking object as if no debug info
STemWin540_WIN32.lib(BUTTON.obj) : warning LNK4099: PDB 'vc110.pdb' was not found with 'STemWin540_WIN32.lib(BUTTON.obj)' or at 'f:\00Embedded\repositories\STM32Cube_FW_F4_V1.21.0\Projects\WIN32\STemWin_Simulation\Exe\vc110.pdb'; linking object as if no debug info
STemWin540_WIN32.lib(BUTTON_Skin.obj) : warning LNK4099: PDB 'vc110.pdb' was not found with 'STemWin540_WIN32.lib(BUTTON_Skin.obj)' or at 'f:\00Embedded\repositories\STM32Cube_FW_F4_V1.21.0\Projects\WIN32\STemWin_Simulation\Exe\vc110.pdb'; linking object as if no debug info
STemWin540_WIN32.lib(BUTTON_SkinFlex.obj) : warning LNK4099: PDB 'vc110.pdb' was not found with 'STemWin540_WIN32.lib(BUTTON_SkinFlex.obj)' or at 'f:\00Embedded\repositories\STM32Cube_FW_F4_V1.21.0\Projects\WIN32\STemWin_Simulation\Exe\vc110.pdb'; linking object as if no debug info
STemWin540_WIN32.lib(DIALOG.obj) : warning LNK4099: PDB 'vc110.pdb' was not found with 'STemWin540_WIN32.lib(DIALOG.obj)' or at 'f:\00Embedded\repositories\STM32Cube_FW_F4_V1.21.0\Projects\WIN32\STemWin_Simulation\Exe\vc110.pdb'; linking object as if no debug info
STemWin540_WIN32.lib(GUI_DRAW.obj) : warning LNK4099: PDB 'vc110.pdb' was not found with 'STemWin540_WIN32.lib(GUI_DRAW.obj)' or at 'f:\00Embedded\repositories\STM32Cube_FW_F4_V1.21.0\Projects\WIN32\STemWin_Simulation\Exe\vc110.pdb'; linking object as if no debug info
STemWin540_WIN32.lib(WIDGET.obj) : warning LNK4099: PDB 'vc110.pdb' was not found with 'STemWin540_WIN32.lib(WIDGET.obj)' or at 'f:\00Embedded\repositories\STM32Cube_FW_F4_V1.21.0\Projects\WIN32\STemWin_Simulation\Exe\vc110.pdb'; linking object as if no debug info
STemWin540_WIN32.lib(WIDGET_Effect_Simple.obj) : warning LNK4099: PDB 'vc110.pdb' was not found with 'STemWin540_WIN32.lib(WIDGET_Effect_Simple.obj)' or at 'f:\00Embedded\repositories\STM32Cube_FW_F4_V1.21.0\Projects\WIN32\STemWin_Simulation\Exe\vc110.pdb'; linking object as if no debug info
STemWin540_WIN32.lib(WINDOW.obj) : warning LNK4099: PDB 'vc110.pdb' was not found with 'STemWin540_WIN32.lib(WINDOW.obj)' or at 'f:\00Embedded\repositories\STM32Cube_FW_F4_V1.21.0\Projects\WIN32\STemWin_Simulation\Exe\vc110.pdb'; linking object as if no debug info
STemWin540_WIN32.lib(WM.obj) : warning LNK4099: PDB 'vc110.pdb' was not found with 'STemWin540_WIN32.lib(WM.obj)' or at 'f:\00Embedded\repositories\STM32Cube_FW_F4_V1.21.0\Projects\WIN32\STemWin_Simulation\Exe\vc110.pdb'; linking object as if no debug info
STemWin540_WIN32.lib(WM_BringToTop.obj) : warning LNK4099: PDB 'vc110.pdb' was not found with 'STemWin540_WIN32.lib(WM_BringToTop.obj)' or at 'f:\00Embedded\repositories\STM32Cube_FW_F4_V1.21.0\Projects\WIN32\STemWin_Simulation\Exe\vc110.pdb'; linking object as if no debug info
STemWin540_WIN32.lib(WM_GetWindowSize.obj) : warning LNK4099: PDB 'vc110.pdb' was not found with 'STemWin540_WIN32.lib(WM_GetWindowSize.obj)' or at 'f:\00Embedded\repositories\STM32Cube_FW_F4_V1.21.0\Projects\WIN32\STemWin_Simulation\Exe\vc110.pdb'; linking object as if no debug info
STemWin540_WIN32.lib(WM_Lib.obj) : warning LNK4099: PDB 'vc110.pdb' was not found with 'STemWin540_WIN32.lib(WM_Lib.obj)' or at 'f:\00Embedded\repositories\STM32Cube_FW_F4_V1.21.0\Projects\WIN32\STemWin_Simulation\Exe\vc110.pdb'; linking object as if no debug info
STemWin540_WIN32.lib(WM_Move.obj) : warning LNK4099: PDB 'vc110.pdb' was not found with 'STemWin540_WIN32.lib(WM_Move.obj)' or at 'f:\00Embedded\repositories\STM32Cube_FW_F4_V1.21.0\Projects\WIN32\STemWin_Simulation\Exe\vc110.pdb'; linking object as if no debug info
STemWin540_WIN32.lib(WM_PID__GetPrevState.obj) : warning LNK4099: PDB 'vc110.pdb' was not found with 'STemWin540_WIN32.lib(WM_PID__GetPrevState.obj)' or at 'f:\00Embedded\repositories\STM32Cube_FW_F4_V1.21.0\Projects\WIN32\STemWin_Simulation\Exe\vc110.pdb'; linking object as if no debug info
STemWin540_WIN32.lib(WM_Screen2Win.obj) : warning LNK4099: PDB 'vc110.pdb' was not found with 'STemWin540_WIN32.lib(WM_Screen2Win.obj)' or at 'f:\00Embedded\repositories\STM32Cube_FW_F4_V1.21.0\Projects\WIN32\STemWin_Simulation\Exe\vc110.pdb'; linking object as if no debug info
STemWin540_WIN32.lib(WM_SetCapture.obj) : warning LNK4099: PDB 'vc110.pdb' was not found with 'STemWin540_WIN32.lib(WM_SetCapture.obj)' or at 'f:\00Embedded\repositories\STM32Cube_FW_F4_V1.21.0\Projects\WIN32\STemWin_Simulation\Exe\vc110.pdb'; linking object as if no debug info
STemWin540_WIN32.lib(WM_SetFocusOnNextChild.obj) : warning LNK4099: PDB 'vc110.pdb' was not found with 'STemWin540_WIN32.lib(WM_SetFocusOnNextChild.obj)' or at 'f:\00Embedded\repositories\STM32Cube_FW_F4_V1.21.0\Projects\WIN32\STemWin_Simulation\Exe\vc110.pdb'; linking object as if no debug info
STemWin540_WIN32.lib(WM_SetFocusOnPrevChild.obj) : warning LNK4099: PDB 'vc110.pdb' was not found with 'STemWin540_WIN32.lib(WM_SetFocusOnPrevChild.obj)' or at 'f:\00Embedded\repositories\STM32Cube_FW_F4_V1.21.0\Projects\WIN32\STemWin_Simulation\Exe\vc110.pdb'; linking object as if no debug info
STemWin540_WIN32.lib(WM_SetTrans.obj) : warning LNK4099: PDB 'vc110.pdb' was not found with 'STemWin540_WIN32.lib(WM_SetTrans.obj)' or at 'f:\00Embedded\repositories\STM32Cube_FW_F4_V1.21.0\Projects\WIN32\STemWin_Simulation\Exe\vc110.pdb'; linking object as if no debug info
STemWin540_WIN32.lib(WM_SIM.obj) : warning LNK4099: PDB 'vc110.pdb' was not found with 'STemWin540_WIN32.lib(WM_SIM.obj)' or at 'f:\00Embedded\repositories\STM32Cube_FW_F4_V1.21.0\Projects\WIN32\STemWin_Simulation\Exe\vc110.pdb'; linking object as if no debug info
STemWin540_WIN32.lib(WM_Timer.obj) : warning LNK4099: PDB 'vc110.pdb' was not found with 'STemWin540_WIN32.lib(WM_Timer.obj)' or at 'f:\00Embedded\repositories\STM32Cube_FW_F4_V1.21.0\Projects\WIN32\STemWin_Simulation\Exe\vc110.pdb'; linking object as if no debug info
STemWin540_WIN32.lib(WM_Touch.obj) : warning LNK4099: PDB 'vc110.pdb' was not found with 'STemWin540_WIN32.lib(WM_Touch.obj)' or at 'f:\00Embedded\repositories\STM32Cube_FW_F4_V1.21.0\Projects\WIN32\STemWin_Simulation\Exe\vc110.pdb'; linking object as if no debug info
STemWin540_WIN32.lib(WM_UserData.obj) : warning LNK4099: PDB 'vc110.pdb' was not found with 'STemWin540_WIN32.lib(WM_UserData.obj)' or at 'f:\00Embedded\repositories\STM32Cube_FW_F4_V1.21.0\Projects\WIN32\STemWin_Simulation\Exe\vc110.pdb'; linking object as if no debug info
STemWin540_WIN32.lib(WM__Private.obj) : warning LNK4099: PDB 'vc110.pdb' was not found with 'STemWin540_WIN32.lib(WM__Private.obj)' or at 'f:\00Embedded\repositories\STM32Cube_FW_F4_V1.21.0\Projects\WIN32\STemWin_Simulation\Exe\vc110.pdb'; linking object as if no debug info
  Simulation.vcxproj -> F:\00Embedded\repositories\STM32Cube_FW_F4_V1.21.0\Projects\WIN32\STemWin_Simulation\.\Exe\Simulation.exe
